WebGamesBridge/app/manifest-merger-release-report.txt
-- Merging decision tree log ---
manifest
ADDED from AndroidManifest.xml:2:1
	xmlns:android
		ADDED from AndroidManifest.xml:2:11
	package
		ADDED from AndroidManifest.xml:3:5
		INJECTED from AndroidManifest.xml:0:0
		INJECTED from AndroidManifest.xml:0:0
	android:versionName
		INJECTED from AndroidManifest.xml:0:0
		INJECTED from AndroidManifest.xml:0:0
	android:versionCode
		INJECTED from AndroidManifest.xml:0:0
		INJECTED from AndroidManifest.xml:0:0
uses-permission#android.permission.INTERNET
ADDED from AndroidManifest.xml:5:5
	android:name
		ADDED from AndroidManifest.xml:5:22
uses-feature#android.hardware.gps
ADDED from AndroidManifest.xml:8:5
	android:required
		ADDED from AndroidManifest.xml:10:9
	android:name
		ADDED from AndroidManifest.xml:9:9
uses-feature#android.hardware.location
ADDED from AndroidManifest.xml:11:5
	android:required
		ADDED from AndroidManifest.xml:13:9
	android:name
		ADDED from AndroidManifest.xml:12:9
uses-feature#android.hardware.location.gps
ADDED from AndroidManifest.xml:14:5
	android:required
		ADDED from AndroidManifest.xml:16:9
	android:name
		ADDED from AndroidManifest.xml:15:9
uses-feature#android.hardware.touchscreen
ADDED from AndroidManifest.xml:17:5
	android:required
		ADDED from AndroidManifest.xml:19:9
	android:name
		ADDED from AndroidManifest.xml:18:9
uses-feature#android.hardware.telephony
ADDED from AndroidManifest.xml:20:5
	android:required
		ADDED from AndroidManifest.xml:22:9
	android:name
		ADDED from AndroidManifest.xml:21:9
uses-feature#android.hardware.camera
ADDED from AndroidManifest.xml:23:5
	android:required
		ADDED from AndroidManifest.xml:25:9
	android:name
		ADDED from AndroidManifest.xml:24:9
uses-feature#android.hardware.nfc
ADDED from AndroidManifest.xml:26:5
	android:required
		ADDED from AndroidManifest.xml:28:9
	android:name
		ADDED from AndroidManifest.xml:27:9
uses-feature#android.hardware.microphone
ADDED from AndroidManifest.xml:29:5
	android:required
		ADDED from AndroidManifest.xml:31:9
	android:name
		ADDED from AndroidManifest.xml:30:9
uses-feature#android.hardware.wifi
ADDED from AndroidManifest.xml:32:5
	android:required
		ADDED from AndroidManifest.xml:34:9
	android:name
		ADDED from AndroidManifest.xml:33:9
uses-feature#android.hardware.bluetooth
ADDED from AndroidManifest.xml:35:5
	android:required
		ADDED from AndroidManifest.xml:37:9
	android:name
		ADDED from AndroidManifest.xml:36:9
supports-screens
ADDED from AndroidManifest.xml:39:5
	android:anyDensity
		ADDED from AndroidManifest.xml:39:23
uses-feature#android.hardware.gamepad
ADDED from AndroidManifest.xml:42:5
	android:required
		ADDED from AndroidManifest.xml:44:9
	android:name
		ADDED from AndroidManifest.xml:43:9
application
ADDED from AndroidManifest.xml:46:5
MERGED from com.android.support:appcompat-v7:21.0.3:16:5
MERGED from com.android.support:support-v4:21.0.3:16:5
MERGED from com.google.android.gms:play-services:6.5.87:20:5
MERGED from com.android.support:support-v4:21.0.3:16:5
	android:label
		ADDED from AndroidManifest.xml:50:9
	android:allowBackup
		ADDED from AndroidManifest.xml:47:9
	android:icon
		ADDED from AndroidManifest.xml:48:9
	android:theme
		ADDED from AndroidManifest.xml:51:9
	android:isGame
		ADDED from AndroidManifest.xml:49:9
meta-data#com.google.android.gms.games.APP_ID
ADDED from AndroidManifest.xml:52:9
	android:name
		ADDED from AndroidManifest.xml:53:13
	android:value
		ADDED from AndroidManifest.xml:54:13
meta-data#com.google.android.gms.version
ADDED from AndroidManifest.xml:55:9
MERGED from com.google.android.gms:play-services:6.5.87:21:9
	android:name
		ADDED from AndroidManifest.xml:56:13
	android:value
		ADDED from AndroidManifest.xml:57:13
activity#com.felkertech.n.myapplication.WebViewActivity
ADDED from AndroidManifest.xml:59:9
	android:name
		ADDED from AndroidManifest.xml:60:13
activity#com.felkertech.n.epictabletennis.EpicTableTennis
ADDED from AndroidManifest.xml:63:9
	android:label
		ADDED from AndroidManifest.xml:67:13
	android:name
		ADDED from AndroidManifest.xml:64:13
	android:logo
		ADDED from AndroidManifest.xml:66:13
	android:banner
		ADDED from AndroidManifest.xml:65:13
intent-filter#android.intent.action.MAIN+android.intent.category.LAUNCHER
ADDED from AndroidManifest.xml:68:13
action#android.intent.action.MAIN
ADDED from AndroidManifest.xml:69:17
	android:name
		ADDED from AndroidManifest.xml:69:25
category#android.intent.category.LAUNCHER
ADDED from AndroidManifest.xml:71:17
	android:name
		ADDED from AndroidManifest.xml:71:27
intent-filter#android.intent.action.MAIN+android.intent.category.LEANBACK_LAUNCHER
ADDED from AndroidManifest.xml:73:13
category#android.intent.category.LEANBACK_LAUNCHER
ADDED from AndroidManifest.xml:76:17
	android:name
		ADDED from AndroidManifest.xml:76:27
uses-sdk
INJECTED from AndroidManifest.xml:0:0 reason: use-sdk injection requested
MERGED from com.android.support:appcompat-v7:21.0.3:15:5
MERGED from com.android.support:support-v4:21.0.3:15:5
MERGED from com.google.android.gms:play-services:6.5.87:18:5
MERGED from com.android.support:support-v4:21.0.3:15:5
	android:targetSdkVersion
		INJECTED from AndroidManifest.xml:0:0
		INJECTED from AndroidManifest.xml:0:0
	android:minSdkVersion
		INJECTED from AndroidManifest.xml:0:0
		INJECTED from AndroidManifest.xml:0:0